<?xml version="1.0" encoding="UTF-8"?>
<!-- Generated by org.testng.reporters.JUnitReportReporter -->
<testsuite hostname="LAPTOP-NUAUSDAK" failures="0" tests="1" name="com.luftree.testscript.customer" time="0.033" errors="0" timestamp="2025-03-12T11:13:17 IST" skipped="0">
  <testcase classname="com.luftree.testscript.customer" name="testReporterLog" time="0.033"/>
  <system-out>
    <![CDATA[create customer]]>
  </system-out>
</testsuite> <!-- com.luftree.testscript.customer -->
